#-----------------------------------------------------------
# Vivado v2024.2 (64-bit)
# SW Build 5239630 on Fri Nov 08 22:35:27 MST 2024
# IP Build 5239520 on Sun Nov 10 16:12:51 MST 2024
# SharedData Build 5239561 on Fri Nov 08 14:39:27 MST 2024
# Start of session at: Wed Feb 26 12:24:03 2025
# Process ID         : 11888
# Current directory  : C:/Users/www.com/Signal_control
# Command line       : vivado.exe -gui_launcher_event rodinguilauncherevent31676 C:\Users\www.com\Signal_control\Signal_control.xpr
# Log file           : C:/Users/www.com/Signal_control/vivado.log
# Journal file       : C:/Users/www.com/Signal_control\vivado.jou
# Running On         : DESKTOP-AYYUB
# Platform           : Windows Server 2016 or Windows 10
# Operating System   : 19045
# Processor Detail   : Intel(R) Core(TM) i5-6198DU CPU @ 2.30GHz
# CPU Frequency      : 2400 MHz
# CPU Physical cores : 2
# CPU Logical cores  : 4
# Host memory        : 8444 MB
# Swap memory        : 4159 MB
# Total Virtual      : 12603 MB
# Available Virtual  : 2514 MB
#-----------------------------------------------------------
start_gui
open_project C:/Users/www.com/Signal_control/Signal_control.xpr
WARNING: [Board 49-26] cannot add Board Part xilinx.com:zcu208ld:part0:2.0 available at E:/Xilinx/Vivado/2024.2/data/xhub/boards/XilinxBoardStore/boards/Xilinx/zcu208ld/production/2.0/board.xml as part xczu58dr-fsvg1517-2-i specified in board_part file is either invalid or not available
WARNING: [Board 49-26] cannot add Board Part xilinx.com:zcu216ld:part0:2.0 available at E:/Xilinx/Vivado/2024.2/data/xhub/boards/XilinxBoardStore/boards/Xilinx/zcu216ld/production/2.0/board.xml as part xczu59dr-ffvf1760-2-i specified in board_part file is either invalid or not available
WARNING: [Board 49-26] cannot add Board Part xilinx.com:zcu670ld:part0:1.0 available at E:/Xilinx/Vivado/2024.2/data/xhub/boards/XilinxBoardStore/boards/Xilinx/zcu670ld/1.0/board.xml as part xczu57dr-fsve1156-2-i specified in board_part file is either invalid or not available
INFO: [filemgmt 56-3] Default IP Output Path : Could not find the directory 'C:/Users/www.com/Signal_control/Signal_control.gen/sources_1'.
Scanning sources...
Finished scanning sources
INFO: [IP_Flow 19-234] Refreshing IP repositories
INFO: [IP_Flow 19-1704] No user IP repositories specified
INFO: [IP_Flow 19-2313] Loaded Vivado IP repository 'E:/Xilinx/Vivado/2024.2/data/ip'.
open_project: Time (s): cpu = 00:00:29 ; elapsed = 00:00:20 . Memory (MB): peak = 1204.664 ; gain = 124.723
update_compile_order -fileset sources_1
exit
INFO: [Common 17-206] Exiting Vivado at Wed Feb 26 12:26:06 2025...
